Running: C:\Xilinx\14.7\ISE_DS\ISE\bin\nt64\unwrapped\fuse.exe -intstyle ise -incremental -o D:/lectures/lab/Lab_9/TB_CPU8bit_isim_beh.exe -prj D:/lectures/lab/Lab_9/TB_CPU8bit_beh.prj work.TB_CPU8bit 
ISim P.20131013 (signature 0x7708f090)
Number of CPUs detected in this system: 12
Turning on mult-threading, number of parallel sub-compilation jobs: 24 
Determining compilation order of HDL files
Parsing VHDL file "D:/lectures/lab/Lab_9/CPU8bit.vhd" into library work
Parsing VHDL file "D:/lectures/lab/Lab_9/TB_CPU8bit.vhd" into library work
Starting static elaboration
Completed static elaboration
Compiling package standard
Compiling package std_logic_1164
Compiling package std_logic_arith
Compiling package std_logic_unsigned
Compiling package math_real
Compiling architecture cpu_arch of entity CPU8bit [cpu8bit_default]
Compiling architecture behavior of entity tb_cpu8bit
Time Resolution for simulation is 1ps.
Compiled 8 VHDL Units
Built simulation executable D:/lectures/lab/Lab_9/TB_CPU8bit_isim_beh.exe
Fuse Memory Usage: 35428 KB
Fuse CPU Usage: 374 ms
